<?xml version="1.0" encoding="UTF-8"?>
<testsuite name="com.ssafy.eurekasvr.EurekaServerApplicationTests" tests="1" skipped="0" failures="0" errors="0" timestamp="2022-04-26T14:59:33" hostname="kyeongminui-MacBookAir.local" time="0.33">
  <properties/>
  <testcase name="contextLoads()" classname="com.ssafy.eurekasvr.EurekaServerApplicationTests" time="0.33"/>
  <system-out><![CDATA[23:59:26.711 [Test worker] DEBUG org.springframework.test.context.BootstrapUtils - Instantiating CacheAwareContextLoaderDelegate from class [org.springframework.test.context.cache.DefaultCacheAwareContextLoaderDelegate]
23:59:26.720 [Test worker] DEBUG org.springframework.test.context.BootstrapUtils - Instantiating BootstrapContext using constructor [public org.springframework.test.context.support.DefaultBootstrapContext(java.lang.Class,org.springframework.test.context.CacheAwareContextLoaderDelegate)]
23:59:26.764 [Test worker] DEBUG org.springframework.test.context.BootstrapUtils - Instantiating TestContextBootstrapper for test class [com.ssafy.eurekasvr.EurekaServerApplicationTests] from class [org.springframework.boot.test.context.SpringBootTestContextBootstrapper]
23:59:26.774 [Test worker] INFO org.springframework.boot.test.context.SpringBootTestContextBootstrapper - Neither @ContextConfiguration nor @ContextHierarchy found for test class [com.ssafy.eurekasvr.EurekaServerApplicationTests], using SpringBootContextLoader
23:59:26.779 [Test worker] DEBUG org.springframework.test.context.support.AbstractContextLoader - Did not detect default resource location for test class [com.ssafy.eurekasvr.EurekaServerApplicationTests]: class path resource [com/ssafy/eurekasvr/EurekaServerApplicationTests-context.xml] does not exist
23:59:26.779 [Test worker] DEBUG org.springframework.test.context.support.AbstractContextLoader - Did not detect default resource location for test class [com.ssafy.eurekasvr.EurekaServerApplicationTests]: class path resource [com/ssafy/eurekasvr/EurekaServerApplicationTestsContext.groovy] does not exist
23:59:26.779 [Test worker] INFO org.springframework.test.context.support.AbstractContextLoader - Could not detect default resource locations for test class [com.ssafy.eurekasvr.EurekaServerApplicationTests]: no resource found for suffixes {-context.xml, Context.groovy}.
23:59:26.780 [Test worker] INFO org.springframework.test.context.support.AnnotationConfigContextLoaderUtils - Could not detect default configuration classes for test class [com.ssafy.eurekasvr.EurekaServerApplicationTests]: EurekaServerApplicationTests does not declare any static, non-private, non-final, nested classes annotated with @Configuration.
23:59:26.850 [Test worker] DEBUG org.springframework.test.context.support.ActiveProfilesUtils - Could not find an 'annotation declaring class' for annotation type [org.springframework.test.context.ActiveProfiles] and class [com.ssafy.eurekasvr.EurekaServerApplicationTests]
23:59:26.916 [Test worker] DEBUG org.springframework.context.annotation.ClassPathScanningCandidateComponentProvider - Identified candidate component class: file [/Users/kyeongmin/ssafy3/C206/backend/EurekaServer/build/classes/java/main/com/ssafy/eurekasvr/EurekaServerApplication.class]
23:59:26.918 [Test worker] INFO org.springframework.boot.test.context.SpringBootTestContextBootstrapper - Found @SpringBootConfiguration com.ssafy.eurekasvr.EurekaServerApplication for test class com.ssafy.eurekasvr.EurekaServerApplicationTests
23:59:27.033 [Test worker] DEBUG org.springframework.boot.test.context.SpringBootTestContextBootstrapper - @TestExecutionListeners is not present for class [com.ssafy.eurekasvr.EurekaServerApplicationTests]: using defaults.
23:59:27.033 [Test worker] INFO org.springframework.boot.test.context.SpringBootTestContextBootstrapper - Loaded default TestExecutionListener class names from location [META-INF/spring.factories]: [org.springframework.boot.test.autoconfigure.restdocs.RestDocsTestExecutionListener, org.springframework.boot.test.autoconfigure.web.client.MockRestServiceServerResetTestExecutionListener, org.springframework.boot.test.autoconfigure.web.servlet.MockMvcPrintOnlyOnFailureTestExecutionListener, org.springframework.boot.test.autoconfigure.web.servlet.WebDriverTestExecutionListener, org.springframework.boot.test.autoconfigure.webservices.client.MockWebServiceServerTestExecutionListener, org.springframework.boot.test.mock.mockito.MockitoTestExecutionListener, org.springframework.boot.test.mock.mockito.ResetMocksTestExecutionListener, org.springframework.test.context.web.ServletTestExecutionListener, org.springframework.test.context.support.DirtiesContextBeforeModesTestExecutionListener, org.springframework.test.context.event.ApplicationEventsTestExecutionListener, org.springframework.test.context.support.DependencyInjectionTestExecutionListener, org.springframework.test.context.support.DirtiesContextTestExecutionListener, org.springframework.test.context.transaction.TransactionalTestExecutionListener, org.springframework.test.context.jdbc.SqlScriptsTestExecutionListener, org.springframework.test.context.event.EventPublishingTestExecutionListener]
23:59:27.091 [Test worker] DEBUG org.springframework.boot.test.context.SpringBootTestContextBootstrapper - Skipping candidate TestExecutionListener [org.springframework.test.context.transaction.TransactionalTestExecutionListener] due to a missing dependency. Specify custom listener classes or make the default listener classes and their required dependencies available. Offending class: [org/springframework/transaction/TransactionDefinition]
23:59:27.094 [Test worker] DEBUG org.springframework.boot.test.context.SpringBootTestContextBootstrapper - Skipping candidate TestExecutionListener [org.springframework.test.context.jdbc.SqlScriptsTestExecutionListener] due to a missing dependency. Specify custom listener classes or make the default listener classes and their required dependencies available. Offending class: [org/springframework/transaction/interceptor/TransactionAttribute]
23:59:27.094 [Test worker] INFO org.springframework.boot.test.context.SpringBootTestContextBootstrapper - Using TestExecutionListeners: [org.springframework.test.context.web.ServletTestExecutionListener@475b7792, org.springframework.test.context.support.DirtiesContextBeforeModesTestExecutionListener@751e664e, org.springframework.test.context.event.ApplicationEventsTestExecutionListener@160c3ec1, org.springframework.boot.test.mock.mockito.MockitoTestExecutionListener@182b435b, org.springframework.boot.test.autoconfigure.SpringBootDependencyInjectionTestExecutionListener@4d0402b, org.springframework.test.context.support.DirtiesContextTestExecutionListener@2fa7ae9, org.springframework.test.context.event.EventPublishingTestExecutionListener@7577b641, org.springframework.boot.test.autoconfigure.restdocs.RestDocsTestExecutionListener@3704122f, org.springframework.boot.test.autoconfigure.web.client.MockRestServiceServerResetTestExecutionListener@3153ddfc, org.springframework.boot.test.autoconfigure.web.servlet.MockMvcPrintOnlyOnFailureTestExecutionListener@60afd40d, org.springframework.boot.test.autoconfigure.web.servlet.WebDriverTestExecutionListener@28a2a3e7, org.springframework.boot.test.autoconfigure.webservices.client.MockWebServiceServerTestExecutionListener@3f2049b6, org.springframework.boot.test.mock.mockito.ResetMocksTestExecutionListener@10b3df93]
23:59:27.101 [Test worker] DEBUG org.springframework.test.context.support.AbstractDirtiesContextTestExecutionListener - Before test class: context [DefaultTestContext@5a2f016d testClass = EurekaServerApplicationTests, testInstance = [null], testMethod = [null], testException = [null], mergedContextConfiguration = [WebMergedContextConfiguration@1a38ba58 testClass = EurekaServerApplicationTests, locations = '{}', classes = '{class com.ssafy.eurekasvr.EurekaServerApplication}', contextInitializerClasses = '[]', activeProfiles = '{}', propertySourceLocations = '{}', propertySourceProperties = '{org.springframework.boot.test.context.SpringBootTestContextBootstrapper=true}', contextCustomizers = set[org.springframework.boot.test.autoconfigure.actuate.metrics.MetricsExportContextCustomizerFactory$DisableMetricExportContextCustomizer@a4ca3f6, org.springframework.boot.test.autoconfigure.properties.PropertyMappingContextCustomizer@0, org.springframework.boot.test.autoconfigure.web.servlet.WebDriverContextCustomizerFactory$Customizer@77a98a6a, org.springframework.boot.test.context.filter.ExcludeFilterContextCustomizer@62452cc9, org.springframework.boot.test.json.DuplicateJsonObjectContextCustomizerFactory$DuplicateJsonObjectContextCustomizer@5bc9ba1d, org.springframework.boot.test.mock.mockito.MockitoContextCustomizer@0, org.springframework.boot.test.web.client.TestRestTemplateContextCustomizer@4b20ca2b, org.springframework.boot.test.context.SpringBootTestArgs@1, org.springframework.boot.test.context.SpringBootTestWebEnvironment@5038d0b5], resourceBasePath = 'src/main/webapp', contextLoader = 'org.springframework.boot.test.context.SpringBootContextLoader', parent = [null]], attributes = map['org.springframework.test.context.web.ServletTestExecutionListener.activateListener' -> true]], class annotated with @DirtiesContext [false] with mode [null].

  .   ____          _            __ _ _
 /\\ / ___'_ __ _ _(_)_ __  __ _ \ \ \ \
( ( )\___ | '_ | '_| | '_ \/ _` | \ \ \ \
 \\/  ___)| |_)| | | | | || (_| |  ) ) ) )
  '  |____| .__|_| |_|_| |_\__, | / / / /
 =========|_|==============|___/=/_/_/_/
 :: Spring Boot ::                (v2.6.4)

2022-04-26 23:59:27.824  INFO 66566 --- [    Test worker] c.s.e.EurekaServerApplicationTests       : Starting EurekaServerApplicationTests using Java 11.0.11 on kyeongminui-MacBookAir.local with PID 66566 (started by kyeongmin in /Users/kyeongmin/ssafy3/C206/backend/EurekaServer)
2022-04-26 23:59:27.830  INFO 66566 --- [    Test worker] c.s.e.EurekaServerApplicationTests       : No active profile set, falling back to 1 default profile: "default"
2022-04-26 23:59:29.567  INFO 66566 --- [    Test worker] o.s.cloud.context.scope.GenericScope     : BeanFactory id=35550f77-24fc-37f1-8e63-03374f85128e
2022-04-26 23:59:32.169  INFO 66566 --- [    Test worker] DiscoveryClientOptionalArgsConfiguration : Eureka HTTP Client uses Jersey
2022-04-26 23:59:32.389  WARN 66566 --- [    Test worker] iguration$LoadBalancerCaffeineWarnLogger : Spring Cloud LoadBalancer is currently working with the default cache. While this cache implementation is useful for development and tests, it's recommended to use Caffeine cache in production.You can switch to using Caffeine cache, by adding it and org.springframework.cache.caffeine.CaffeineCacheManager to the classpath.
2022-04-26 23:59:32.832  INFO 66566 --- [    Test worker] o.s.c.n.eureka.InstanceInfoFactory       : Setting initial instance status as: STARTING
2022-04-26 23:59:32.871  INFO 66566 --- [    Test worker] com.netflix.discovery.DiscoveryClient    : Initializing Eureka in region us-east-1
2022-04-26 23:59:32.873  INFO 66566 --- [    Test worker] com.netflix.discovery.DiscoveryClient    : Client configured to neither register nor query for data.
2022-04-26 23:59:32.880  INFO 66566 --- [    Test worker] com.netflix.discovery.DiscoveryClient    : Discovery Client initialized at timestamp 1650985172878 with initial instances count: 0
2022-04-26 23:59:32.977  INFO 66566 --- [    Test worker] c.n.eureka.DefaultEurekaServerContext    : Initializing ...
2022-04-26 23:59:32.979  WARN 66566 --- [    Test worker] c.n.eureka.cluster.PeerEurekaNodes       : The replica size seems to be empty. Check the route 53 DNS Registry
2022-04-26 23:59:33.051  INFO 66566 --- [    Test worker] c.n.e.registry.AbstractInstanceRegistry  : Finished initializing remote region registries. All known remote regions: []
2022-04-26 23:59:33.052  INFO 66566 --- [    Test worker] c.n.eureka.DefaultEurekaServerContext    : Initialized
2022-04-26 23:59:33.296  INFO 66566 --- [    Test worker] o.s.b.a.e.web.EndpointLinksResolver      : Exposing 1 endpoint(s) beneath base path '/actuator'
2022-04-26 23:59:33.363  INFO 66566 --- [    Test worker] o.s.c.n.e.s.EurekaServiceRegistry        : Registering application EUREKA-SERVER with eureka with status UP
2022-04-26 23:59:33.370  INFO 66566 --- [      Thread-12] o.s.c.n.e.server.EurekaServerBootstrap   : Setting the eureka configuration..
2022-04-26 23:59:33.405  INFO 66566 --- [      Thread-12] o.s.c.n.e.server.EurekaServerBootstrap   : isAws returned false
2022-04-26 23:59:33.406  INFO 66566 --- [      Thread-12] o.s.c.n.e.server.EurekaServerBootstrap   : Initialized server context
2022-04-26 23:59:33.406  INFO 66566 --- [      Thread-12] c.n.e.r.PeerAwareInstanceRegistryImpl    : Got 1 instances from neighboring DS node
2022-04-26 23:59:33.406  INFO 66566 --- [      Thread-12] c.n.e.r.PeerAwareInstanceRegistryImpl    : Renew threshold is: 1
2022-04-26 23:59:33.406  INFO 66566 --- [      Thread-12] c.n.e.r.PeerAwareInstanceRegistryImpl    : Changing status to UP
2022-04-26 23:59:33.413  INFO 66566 --- [    Test worker] c.s.e.EurekaServerApplicationTests       : Started EurekaServerApplicationTests in 6.212 seconds (JVM running for 8.237)
2022-04-26 23:59:33.443  INFO 66566 --- [      Thread-12] e.s.EurekaServerInitializerConfiguration : Started Eureka Server
]]></system-out>
  <system-err><![CDATA[]]></system-err>
</testsuite>
